# Logfile created on 2014-02-26 11:10:22 +0530 by logger.rb/41954
I, [2014-02-26T11:10:22.695602 #16217]  INFO -- : 0:  rake (10.1.1) from /Users/Suchit/.rvm/gems/ruby-2.0.0-p353@fake/specifications/rake-10.1.1.gemspec
I, [2014-02-26T11:10:22.695881 #16217]  INFO -- : 0:  i18n (0.6.9) from /Users/Suchit/.rvm/gems/ruby-2.0.0-p353@global/specifications/i18n-0.6.9.gemspec
I, [2014-02-26T11:10:26.763834 #16217]  INFO -- : 0:  minitest (4.7.5) from /Users/Suchit/.rvm/gems/ruby-2.0.0-p353@fake/specifications/minitest-4.7.5.gemspec
I, [2014-02-26T11:10:29.189135 #16217]  INFO -- : 0:  multi_json (1.8.4) from /Users/Suchit/.rvm/gems/ruby-2.0.0-p353@fake/specifications/multi_json-1.8.4.gemspec
I, [2014-02-26T11:10:32.496556 #16217]  INFO -- : 0:  atomic (1.1.14) from /Users/Suchit/.rvm/gems/ruby-2.0.0-p353@fake/specifications/atomic-1.1.14.gemspec
I, [2014-02-26T11:10:42.139163 #16217]  INFO -- : 0:  thread_safe (0.1.3) from /Users/Suchit/.rvm/gems/ruby-2.0.0-p353@fake/specifications/thread_safe-0.1.3.gemspec
I, [2014-02-26T11:10:46.147796 #16217]  INFO -- : 0:  tzinfo (0.3.38) from /Users/Suchit/.rvm/gems/ruby-2.0.0-p353@fake/specifications/tzinfo-0.3.38.gemspec
I, [2014-02-26T11:10:50.097282 #16217]  INFO -- : 0:  activesupport (4.0.3) from /Users/Suchit/.rvm/gems/ruby-2.0.0-p353@fake/specifications/activesupport-4.0.3.gemspec
I, [2014-02-26T11:10:54.989671 #16217]  INFO -- : 0:  addressable (2.3.5) from /Users/Suchit/.rvm/gems/ruby-2.0.0-p353@fake/specifications/addressable-2.3.5.gemspec
I, [2014-02-26T11:10:59.474540 #16217]  INFO -- : 0:  backports (3.6.0) from /Users/Suchit/.rvm/gems/ruby-2.0.0-p353@fake/specifications/backports-3.6.0.gemspec
I, [2014-02-26T11:11:03.138972 #16217]  INFO -- : 0:  builder (3.2.2) from /Users/Suchit/.rvm/gems/ruby-2.0.0-p353@fake/specifications/builder-3.2.2.gemspec
I, [2014-02-26T11:11:03.139295 #16217]  INFO -- : 0:  bundler (1.5.1) from /Users/Suchit/.rvm/gems/ruby-2.0.0-p353@global/specifications/bundler-1.5.1.gemspec
I, [2014-02-26T11:11:07.477297 #16217]  INFO -- : 0:  bundler-audit (0.3.0) from /Users/Suchit/.rvm/gems/ruby-2.0.0-p353@fake/specifications/bundler-audit-0.3.0.gemspec
I, [2014-02-26T11:11:11.023961 #16217]  INFO -- : 0:  timers (1.1.0) from /Users/Suchit/.rvm/gems/ruby-2.0.0-p353@fake/specifications/timers-1.1.0.gemspec
I, [2014-02-26T11:11:17.076252 #16217]  INFO -- : 0:  celluloid (0.15.2) from /Users/Suchit/.rvm/gems/ruby-2.0.0-p353@fake/specifications/celluloid-0.15.2.gemspec
I, [2014-02-26T11:11:22.094467 #16217]  INFO -- : 0:  nio4r (1.0.0) from /Users/Suchit/.rvm/gems/ruby-2.0.0-p353@fake/specifications/nio4r-1.0.0.gemspec
I, [2014-02-26T11:11:26.153808 #16217]  INFO -- : 0:  celluloid-io (0.15.0) from /Users/Suchit/.rvm/gems/ruby-2.0.0-p353@fake/specifications/celluloid-io-0.15.0.gemspec
I, [2014-02-26T11:11:28.512407 #16217]  INFO -- : 0:  ci_reporter (1.9.1) from /Users/Suchit/.rvm/gems/ruby-2.0.0-p353@fake/specifications/ci_reporter-1.9.1.gemspec
I, [2014-02-26T11:11:32.816844 #16217]  INFO -- : 0:  rspec-core (2.14.7) from /Users/Suchit/.rvm/gems/ruby-2.0.0-p353@fake/specifications/rspec-core-2.14.7.gemspec
I, [2014-02-26T11:11:36.864513 #16217]  INFO -- : 0:  diff-lcs (1.2.5) from /Users/Suchit/.rvm/gems/ruby-2.0.0-p353@fake/specifications/diff-lcs-1.2.5.gemspec
I, [2014-02-26T11:11:41.305504 #16217]  INFO -- : 0:  rspec-expectations (2.14.5) from /Users/Suchit/.rvm/gems/ruby-2.0.0-p353@fake/specifications/rspec-expectations-2.14.5.gemspec
I, [2014-02-26T11:11:45.464549 #16217]  INFO -- : 0:  rspec-mocks (2.14.6) from /Users/Suchit/.rvm/gems/ruby-2.0.0-p353@fake/specifications/rspec-mocks-2.14.6.gemspec
I, [2014-02-26T11:11:48.242048 #16217]  INFO -- : 0:  rspec (2.14.1) from /Users/Suchit/.rvm/gems/ruby-2.0.0-p353@fake/specifications/rspec-2.14.1.gemspec
I, [2014-02-26T11:11:51.788874 #16217]  INFO -- : 0:  ruby-progressbar (1.4.1) from /Users/Suchit/.rvm/gems/ruby-2.0.0-p353@fake/specifications/ruby-progressbar-1.4.1.gemspec
I, [2014-02-26T11:11:54.953801 #16217]  INFO -- : 0:  fuubar (1.3.2) from /Users/Suchit/.rvm/gems/ruby-2.0.0-p353@fake/specifications/fuubar-1.3.2.gemspec
I, [2014-02-26T11:11:54.954077 #16217]  INFO -- : 0:  git (1.2.6) from /Users/Suchit/.rvm/gems/ruby-2.0.0-p353@fake/specifications/git-1.2.6.gemspec
I, [2014-02-26T11:11:57.306398 #16217]  INFO -- : 0:  magic_encoding (0.0.2) from /Users/Suchit/.rvm/gems/ruby-2.0.0-p353@fake/specifications/magic_encoding-0.0.2.gemspec
I, [2014-02-26T11:12:01.186155 #16217]  INFO -- : 0:  coderay (1.1.0) from /Users/Suchit/.rvm/gems/ruby-2.0.0-p353@fake/specifications/coderay-1.1.0.gemspec
I, [2014-02-26T11:12:03.687873 #16217]  INFO -- : 0:  method_source (0.8.2) from /Users/Suchit/.rvm/gems/ruby-2.0.0-p353@fake/specifications/method_source-0.8.2.gemspec
I, [2014-02-26T11:12:06.239445 #16217]  INFO -- : 0:  slop (3.4.7) from /Users/Suchit/.rvm/gems/ruby-2.0.0-p353@fake/specifications/slop-3.4.7.gemspec
I, [2014-02-26T11:12:15.261006 #16217]  INFO -- : 0:  pry (0.9.12.6) from /Users/Suchit/.rvm/gems/ruby-2.0.0-p353@fake/specifications/pry-0.9.12.6.gemspec
I, [2014-02-26T11:12:19.542952 #16217]  INFO -- : 0:  pry-nav (0.2.3) from /Users/Suchit/.rvm/gems/ruby-2.0.0-p353@fake/specifications/pry-nav-0.2.3.gemspec
I, [2014-02-26T11:12:22.775840 #16217]  INFO -- : 0:  rspec_junit_formatter (0.1.6) from /Users/Suchit/.rvm/gems/ruby-2.0.0-p353@fake/specifications/rspec_junit_formatter-0.1.6.gemspec
I, [2014-02-26T11:12:26.798507 #16217]  INFO -- : 0:  docile (1.1.3) from /Users/Suchit/.rvm/gems/ruby-2.0.0-p353@fake/specifications/docile-1.1.3.gemspec
I, [2014-02-26T11:12:31.883497 #16217]  INFO -- : 0:  simplecov-html (0.8.0) from /Users/Suchit/.rvm/gems/ruby-2.0.0-p353@fake/specifications/simplecov-html-0.8.0.gemspec
I, [2014-02-26T11:12:35.747029 #16217]  INFO -- : 0:  simplecov (0.8.2) from /Users/Suchit/.rvm/gems/ruby-2.0.0-p353@fake/specifications/simplecov-0.8.2.gemspec
I, [2014-02-26T11:12:35.768299 #16217]  INFO -- : 0:  ci_tasks (0.0.15) from /Users/Suchit/.rvm/gems/ruby-2.0.0-p353@fake/bundler/gems/ci_tasks-2bdb7dac6e4c/ci_tasks.gemspec
I, [2014-02-26T11:12:38.581619 #16217]  INFO -- : 0:  safe_yaml (1.0.1) from /Users/Suchit/.rvm/gems/ruby-2.0.0-p353@fake/specifications/safe_yaml-1.0.1.gemspec
I, [2014-02-26T11:12:41.562970 #16217]  INFO -- : 0:  crack (0.4.2) from /Users/Suchit/.rvm/gems/ruby-2.0.0-p353@fake/specifications/crack-0.4.2.gemspec
I, [2014-02-26T11:12:41.563251 #16217]  INFO -- : 0:  daemons (1.1.9) from /Users/Suchit/.rvm/gems/ruby-2.0.0-p353@global/specifications/daemons-1.1.9.gemspec
I, [2014-02-26T11:12:41.563464 #16217]  INFO -- : 0:  eventmachine (1.0.3) from /Users/Suchit/.rvm/gems/ruby-2.0.0-p353@global/specifications/eventmachine-1.0.3.gemspec
I, [2014-02-26T11:12:44.802053 #16217]  INFO -- : 0:  factory_girl (4.4.0) from /Users/Suchit/.rvm/gems/ruby-2.0.0-p353@fake/specifications/factory_girl-4.4.0.gemspec
I, [2014-02-26T11:12:56.753975 #16217]  INFO -- : 0:  ffi (1.9.3) from /Users/Suchit/.rvm/gems/ruby-2.0.0-p353@fake/specifications/ffi-1.9.3.gemspec
I, [2014-02-26T11:12:59.572719 #16217]  INFO -- : 0:  formatador (0.2.4) from /Users/Suchit/.rvm/gems/ruby-2.0.0-p353@fake/specifications/formatador-0.2.4.gemspec
I, [2014-02-26T11:13:04.903546 #16217]  INFO -- : 0:  rb-fsevent (0.9.4) from /Users/Suchit/.rvm/gems/ruby-2.0.0-p353@fake/specifications/rb-fsevent-0.9.4.gemspec
I, [2014-02-26T11:13:07.662861 #16217]  INFO -- : 0:  rb-inotify (0.9.3) from /Users/Suchit/.rvm/gems/ruby-2.0.0-p353@fake/specifications/rb-inotify-0.9.3.gemspec
I, [2014-02-26T11:13:11.199668 #16217]  INFO -- : 0:  listen (2.6.1) from /Users/Suchit/.rvm/gems/ruby-2.0.0-p353@fake/specifications/listen-2.6.1.gemspec
I, [2014-02-26T11:13:13.819261 #16217]  INFO -- : 0:  lumberjack (1.0.4) from /Users/Suchit/.rvm/gems/ruby-2.0.0-p353@fake/specifications/lumberjack-1.0.4.gemspec
I, [2014-02-26T11:13:19.085662 #16217]  INFO -- : 0:  thor (0.18.1) from /Users/Suchit/.rvm/gems/ruby-2.0.0-p353@fake/specifications/thor-0.18.1.gemspec
I, [2014-02-26T11:13:24.101705 #16217]  INFO -- : 0:  guard (2.5.1) from /Users/Suchit/.rvm/gems/ruby-2.0.0-p353@fake/specifications/guard-2.5.1.gemspec
I, [2014-02-26T11:13:26.539754 #16217]  INFO -- : 0:  guard-bundler (2.0.0) from /Users/Suchit/.rvm/gems/ruby-2.0.0-p353@fake/specifications/guard-bundler-2.0.0.gemspec
I, [2014-02-26T11:13:29.877234 #16217]  INFO -- : 0:  libnotify (0.8.2) from /Users/Suchit/.rvm/gems/ruby-2.0.0-p353@fake/specifications/libnotify-0.8.2.gemspec
I, [2014-02-26T11:13:32.235466 #16217]  INFO -- : 0:  spoon (0.0.4) from /Users/Suchit/.rvm/gems/ruby-2.0.0-p353@fake/specifications/spoon-0.0.4.gemspec
I, [2014-02-26T11:13:35.520951 #16217]  INFO -- : 0:  guard-rack (1.4.0) from /Users/Suchit/.rvm/gems/ruby-2.0.0-p353@fake/specifications/guard-rack-1.4.0.gemspec
I, [2014-02-26T11:13:38.640560 #16217]  INFO -- : 0:  guard-rspec (4.2.7) from /Users/Suchit/.rvm/gems/ruby-2.0.0-p353@fake/specifications/guard-rspec-4.2.7.gemspec
I, [2014-02-26T11:13:44.120781 #16217]  INFO -- : 0:  newrelic_rpm (3.7.2.195) from /Users/Suchit/.rvm/gems/ruby-2.0.0-p353@fake/specifications/newrelic_rpm-3.7.2.195.gemspec
I, [2014-02-26T11:13:49.587552 #16217]  INFO -- : 0:  psych (2.0.4) from /Users/Suchit/.rvm/gems/ruby-2.0.0-p353@fake/specifications/psych-2.0.4.gemspec
I, [2014-02-26T11:13:54.361478 #16217]  INFO -- : 0:  rabl (0.9.3) from /Users/Suchit/.rvm/gems/ruby-2.0.0-p353@fake/specifications/rabl-0.9.3.gemspec
I, [2014-02-26T11:13:54.361790 #16217]  INFO -- : 0:  rack (1.5.2) from /Users/Suchit/.rvm/gems/ruby-2.0.0-p353@global/specifications/rack-1.5.2.gemspec
I, [2014-02-26T11:13:57.026703 #16217]  INFO -- : 0:  rack-protection (1.5.2) from /Users/Suchit/.rvm/gems/ruby-2.0.0-p353@fake/specifications/rack-protection-1.5.2.gemspec
I, [2014-02-26T11:14:00.303811 #16217]  INFO -- : 0:  rack-test (0.6.2) from /Users/Suchit/.rvm/gems/ruby-2.0.0-p353@fake/specifications/rack-test-0.6.2.gemspec
I, [2014-02-26T11:14:03.193948 #16217]  INFO -- : 0:  racksh (1.0.0) from /Users/Suchit/.rvm/gems/ruby-2.0.0-p353@fake/specifications/racksh-1.0.0.gemspec
I, [2014-02-26T11:14:06.455698 #16217]  INFO -- : 0:  ruby_gntp (0.3.4) from /Users/Suchit/.rvm/gems/ruby-2.0.0-p353@fake/specifications/ruby_gntp-0.3.4.gemspec
I, [2014-02-26T11:14:06.456035 #16217]  INFO -- : 0:  settingslogic (2.0.9) from /Users/Suchit/.rvm/gems/ruby-2.0.0-p353@fake/specifications/settingslogic-2.0.9.gemspec
I, [2014-02-26T11:14:08.522056 #16217]  INFO -- : 0:  shotgun (0.9) from /Users/Suchit/.rvm/gems/ruby-2.0.0-p353@fake/specifications/shotgun-0.9.gemspec
I, [2014-02-26T11:14:11.428829 #16217]  INFO -- : 0:  shoulda-matchers (2.5.0) from /Users/Suchit/.rvm/gems/ruby-2.0.0-p353@fake/specifications/shoulda-matchers-2.5.0.gemspec
I, [2014-02-26T11:14:11.429122 #16217]  INFO -- : 0:  tilt (1.4.1) from /Users/Suchit/.rvm/gems/ruby-2.0.0-p353@global/specifications/tilt-1.4.1.gemspec
I, [2014-02-26T11:14:11.429299 #16217]  INFO -- : 0:  sinatra (1.4.4) from /Users/Suchit/.rvm/gems/ruby-2.0.0-p353@global/specifications/sinatra-1.4.4.gemspec
I, [2014-02-26T11:14:15.351792 #16217]  INFO -- : 0:  sinatra-contrib (1.4.2) from /Users/Suchit/.rvm/gems/ruby-2.0.0-p353@fake/specifications/sinatra-contrib-1.4.2.gemspec
I, [2014-02-26T11:14:18.144515 #16217]  INFO -- : 0:  sinatra-reloader (1.0) from /Users/Suchit/.rvm/gems/ruby-2.0.0-p353@fake/specifications/sinatra-reloader-1.0.gemspec
I, [2014-02-26T11:14:20.943364 #16217]  INFO -- : 0:  yell (2.0.3) from /Users/Suchit/.rvm/gems/ruby-2.0.0-p353@fake/specifications/yell-2.0.3.gemspec
I, [2014-02-26T11:14:20.971330 #16217]  INFO -- : 0:  sinatra_rest (0.0.8) from /Users/Suchit/.rvm/gems/ruby-2.0.0-p353@fake/bundler/gems/sinatra_rest-8eb46718bbd4/sinatra_rest.gemspec
I, [2014-02-26T11:14:25.851849 #16217]  INFO -- : 0:  thin (1.6.1) from /Users/Suchit/.rvm/gems/ruby-2.0.0-p353@fake/specifications/thin-1.6.1.gemspec
I, [2014-02-26T11:14:28.951891 #16217]  INFO -- : 0:  timecop (0.7.1) from /Users/Suchit/.rvm/gems/ruby-2.0.0-p353@fake/specifications/timecop-0.7.1.gemspec
I, [2014-02-26T11:14:34.915068 #16217]  INFO -- : 0:  vcr (2.8.0) from /Users/Suchit/.rvm/gems/ruby-2.0.0-p353@fake/specifications/vcr-2.8.0.gemspec
I, [2014-02-26T11:14:38.770701 #16217]  INFO -- : 0:  webmock (1.17.3) from /Users/Suchit/.rvm/gems/ruby-2.0.0-p353@fake/specifications/webmock-1.17.3.gemspec
